#
# There is insufficient memory for the Java Runtime Environment to continue.
# Native memory allocation (malloc) failed to allocate 262160 bytes for Chunk::new
# Possible reasons:
#   The system is out of physical RAM or swap space
#   In 32 bit mode, the process size limit was hit
# Possible solutions:
#   Reduce memory load on the system
#   Increase physical memory or swap space
#   Check if swap backing store is full
#   Use 64 bit Java on a 64 bit OS
#   Decrease Java heap size (-Xmx/-Xms)
#   Decrease number of Java threads
#   Decrease Java thread stack sizes (-Xss)
#   Set larger code cache with -XX:ReservedCodeCacheSize=
# This output file may be truncated or incomplete.
#
#  Out of Memory Error (allocation.cpp:390), pid=18272, tid=0x00000000000044fc
#
# JRE version: OpenJDK Runtime Environment (8.0_152-b01) (build 1.8.0_152-release-915-b01)
# Java VM: OpenJDK 64-Bit Server VM (25.152-b01 mixed mode windows-amd64 compressed oops)
# Failed to write core dump. Minidumps are not enabled by default on client versions of Windows
#

---------------  T H R E A D  ---------------

Current thread (0x0000000016ada000):  JavaThread "C2 CompilerThread0" daemon [_thread_in_native, id=17660, stack(0x0000000018130000,0x0000000018230000)]

Stack: [0x0000000018130000,0x0000000018230000]
[error occurred during error reporting (printing stack bounds), id 0xc0000005]

Native frames: (J=compiled Java code, j=interpreted, Vv=VM code, C=native code)


Current CompileTask:
C2:  15272 1294       4       java.net.URLClassLoader$1::run (5 bytes)


---------------  P R O C E S S  ---------------

Java Threads: ( => current thread )
  0x0000000019db8000 JavaThread "Cache worker for file hash cache (C:\Users\basit\AndroidStudioProjects\AppRegistration\.gradle\4.1\fileHashes)" [_thread_blocked, id=20412, stack(0x000000001c780000,0x000000001c880000)]
  0x0000000018d8e000 JavaThread "File lock request listener" [_thread_in_native, id=16504, stack(0x000000001b380000,0x000000001b480000)]
  0x0000000019cea800 JavaThread "Cache worker for file hash cache (C:\Users\basit\.gradle\caches\4.1\fileHashes)" [_thread_blocked, id=16752, stack(0x000000001b280000,0x000000001b380000)]
  0x0000000018d53000 JavaThread "Stdin handler" [_thread_blocked, id=8916, stack(0x000000001b180000,0x000000001b280000)]
  0x00000000190fa800 JavaThread "Asynchronous log dispatcher for DefaultDaemonConnection: socket connection from /127.0.0.1:54909 to /127.0.0.1:54910" [_thread_blocked, id=1344, stack(0x000000001b080000,0x000000001b180000)]
  0x0000000018d50000 JavaThread "Daemon worker" [_thread_in_native, id=18716, stack(0x000000001af80000,0x000000001b080000)]
  0x0000000018542800 JavaThread "Cancel handler" [_thread_blocked, id=19152, stack(0x000000001ae80000,0x000000001af80000)]
  0x000000001a052800 JavaThread "Handler for socket connection from /127.0.0.1:54909 to /127.0.0.1:54910" [_thread_in_native, id=13160, stack(0x000000001ab80000,0x000000001ac80000)]
  0x0000000018ca6000 JavaThread "Daemon" [_thread_blocked, id=9564, stack(0x000000001aa80000,0x000000001ab80000)]
  0x0000000018bf6000 JavaThread "Daemon periodic checks" [_thread_blocked, id=8572, stack(0x000000001a980000,0x000000001aa80000)]
  0x000000001a055800 JavaThread "Incoming local TCP Connector on port 54909" [_thread_in_native, id=15584, stack(0x000000001a740000,0x000000001a840000)]
  0x0000000016b2c000 JavaThread "Service Thread" daemon [_thread_blocked, id=20708, stack(0x0000000018830000,0x0000000018930000)]
  0x0000000016b26800 JavaThread "C1 CompilerThread2" daemon [_thread_blocked, id=5324, stack(0x0000000018730000,0x0000000018830000)]
  0x0000000016b24000 JavaThread "C2 CompilerThread1" daemon [_thread_in_native, id=17100, stack(0x0000000018230000,0x0000000018330000)]
=>0x0000000016ada000 JavaThread "C2 CompilerThread0" daemon [_thread_in_native, id=17660, stack(0x0000000018130000,0x0000000018230000)]
  0x0000000016ad7800 JavaThread "Attach Listener" daemon [_thread_blocked, id=1420, stack(0x0000000018030000,0x0000000018130000)]
  0x0000000016ad6800 JavaThread "Signal Dispatcher" daemon [_thread_blocked, id=14680, stack(0x0000000017f30000,0x0000000018030000)]
  0x0000000016ab8800 JavaThread "Finalizer" daemon [_thread_blocked, id=228, stack(0x0000000017d40000,0x0000000017e40000)]
  0x0000000003152800 JavaThread "Reference Handler" daemon [_thread_blocked, id=18612, stack(0x0000000017c40000,0x0000000017d40000)]
  0x000000000305e000 JavaThread "main" [_thread_blocked, id=9840, stack(0x0000000002f40000,0x0000000003040000)]

Other Threads:
  0x0000000016a95800 VMThread [stack: 0x0000000017b40000,0x0000000017c40000] [id=7976]
  0x0000000016b2d000 WatcherThread [stack: 0x0000000018930000,0x0000000018a30000] [id=20168]

VM state:not at safepoint (normal execution)

VM Mutex/Monitor currently owned by a thread: None

Heap:
 PSYoungGen      total 18432K, used 12850K [0x00000000e0000000, 0x00000000e2a00000, 0x0000000100000000)
  eden space 15872K, 64% used [0x00000000e0000000,0x00000000e0a10b40,0x00000000e0f80000)
  from space 2560K, 99% used [0x00000000e0f80000,0x00000000e11fc030,0x00000000e1200000)
  to   space 5632K, 0% used [0x00000000e2480000,0x00000000e2480000,0x00000000e2a00000)
 ParOldGen       total 42496K, used 5405K [0x00000000a0000000, 0x00000000a2980000, 0x00000000e0000000)
  object space 42496K, 12% used [0x00000000a0000000,0x00000000a05477f8,0x00000000a2980000)
 Metaspace       used 14674K, capacity 15044K, committed 15360K, reserved 1062912K
  class space    used 2063K, capacity 2216K, committed 2304K, reserved 1048576K

Card table byte_map: [0x0000000012520000,0x0000000012830000] byte_map_base: 0x0000000012020000

Marking Bits: (ParMarkBitMap*) 0x000000005f5b3950
 Begin Bits: [0x0000000012e30000, 0x0000000014630000)
 End Bits:   [0x0000000014630000, 0x0000000015e30000)

Polling page: 0x00000000016a0000

CodeCache: size=245760Kb used=4339Kb max_used=4417Kb free=241420Kb
 bounds [0x0000000003160000, 0x00000000035c0000, 0x0000000012160000]
 total_blobs=1631 nmethods=1264 adapters=280
 compilation: enabled

Compilation events (10 events):
Event: 15.161 Thread 0x0000000016b26800 1389       3       sun.reflect.MethodAccessorImpl::<init> (5 bytes)
Event: 15.161 Thread 0x0000000016b26800 nmethod 1389 0x0000000003328610 code [0x0000000003328780, 0x0000000003328990]
Event: 15.166 Thread 0x0000000016b26800 1390       3       org.gradle.internal.service.DefaultServiceRegistry::hasService (15 bytes)
Event: 15.166 Thread 0x0000000016b26800 nmethod 1390 0x00000000033279d0 code [0x0000000003327ba0, 0x00000000033282e8]
Event: 15.166 Thread 0x0000000016b26800 1391       1       java.lang.reflect.Method::getMethodAccessor (5 bytes)
Event: 15.166 Thread 0x0000000016b26800 nmethod 1391 0x0000000003508d90 code [0x0000000003508ee0, 0x0000000003508ff0]
Event: 15.166 Thread 0x0000000016b26800 1392       3       java.lang.reflect.Method::setMethodAccessor (21 bytes)
Event: 15.167 Thread 0x0000000016b26800 nmethod 1392 0x0000000003327390 code [0x0000000003327500, 0x00000000033278a8]
Event: 15.175 Thread 0x0000000016b26800 1393       3       org.gradle.internal.service.DefaultServiceRegistry$SingletonService::get (5 bytes)
Event: 15.175 Thread 0x0000000016b26800 nmethod 1393 0x0000000003326f50 code [0x00000000033270c0, 0x00000000033272c8]

GC Heap History (10 events):
Event: 10.455 GC heap before
{Heap before GC invocations=1 (full 0):
 PSYoungGen      total 18432K, used 15872K [0x00000000e0000000, 0x00000000e1480000, 0x0000000100000000)
  eden space 15872K, 100% used [0x00000000e0000000,0x00000000e0f80000,0x00000000e0f80000)
  from space 2560K, 0% used [0x00000000e1200000,0x00000000e1200000,0x00000000e1480000)
  to   space 2560K, 0% used [0x00000000e0f80000,0x00000000e0f80000,0x00000000e1200000)
 ParOldGen       total 42496K, used 0K [0x00000000a0000000, 0x00000000a2980000, 0x00000000e0000000)
  object space 42496K, 0% used [0x00000000a0000000,0x00000000a0000000,0x00000000a2980000)
 Metaspace       used 5853K, capacity 5998K, committed 6144K, reserved 1056768K
  class space    used 713K, capacity 747K, committed 768K, reserved 1048576K
Event: 10.463 GC heap after
Heap after GC invocations=1 (full 0):
 PSYoungGen      total 18432K, used 2546K [0x00000000e0000000, 0x00000000e1480000, 0x0000000100000000)
  eden space 15872K, 0% used [0x00000000e0000000,0x00000000e0000000,0x00000000e0f80000)
  from space 2560K, 99% used [0x00000000e0f80000,0x00000000e11fc858,0x00000000e1200000)
  to   space 2560K, 0% used [0x00000000e1200000,0x00000000e1200000,0x00000000e1480000)
 ParOldGen       total 42496K, used 369K [0x00000000a0000000, 0x00000000a2980000, 0x00000000e0000000)
  object space 42496K, 0% used [0x00000000a0000000,0x00000000a005c530,0x00000000a2980000)
 Metaspace       used 5853K, capacity 5998K, committed 6144K, reserved 1056768K
  class space    used 713K, capacity 747K, committed 768K, reserved 1048576K
}
Event: 11.240 GC heap before
{Heap before GC invocations=2 (full 0):
 PSYoungGen      total 18432K, used 18418K [0x00000000e0000000, 0x00000000e1480000, 0x0000000100000000)
  eden space 15872K, 100% used [0x00000000e0000000,0x00000000e0f80000,0x00000000e0f80000)
  from space 2560K, 99% used [0x00000000e0f80000,0x00000000e11fc858,0x00000000e1200000)
  to   space 2560K, 0% used [0x00000000e1200000,0x00000000e1200000,0x00000000e1480000)
 ParOldGen       total 42496K, used 369K [0x00000000a0000000, 0x00000000a2980000, 0x00000000e0000000)
  object space 42496K, 0% used [0x00000000a0000000,0x00000000a005c530,0x00000000a2980000)
 Metaspace       used 6592K, capacity 6766K, committed 7040K, reserved 1056768K
  class space    used 799K, capacity 875K, committed 896K, reserved 1048576K
Event: 11.251 GC heap after
Heap after GC invocations=2 (full 0):
 PSYoungGen      total 18432K, used 2275K [0x00000000e0000000, 0x00000000e1480000, 0x0000000100000000)
  eden space 15872K, 0% used [0x00000000e0000000,0x00000000e0000000,0x00000000e0f80000)
  from space 2560K, 88% used [0x00000000e1200000,0x00000000e1438d68,0x00000000e1480000)
  to   space 2560K, 0% used [0x00000000e0f80000,0x00000000e0f80000,0x00000000e1200000)
 ParOldGen       total 42496K, used 369K [0x00000000a0000000, 0x00000000a2980000, 0x00000000e0000000)
  object space 42496K, 0% used [0x00000000a0000000,0x00000000a005c530,0x00000000a2980000)
 Metaspace       used 6592K, capacity 6766K, committed 7040K, reserved 1056768K
  class space    used 799K, capacity 875K, committed 896K, reserved 1048576K
}
Event: 11.888 GC heap before
{Heap before GC invocations=3 (full 0):
 PSYoungGen      total 18432K, used 18147K [0x00000000e0000000, 0x00000000e1480000, 0x0000000100000000)
  eden space 15872K, 100% used [0x00000000e0000000,0x00000000e0f80000,0x00000000e0f80000)
  from space 2560K, 88% used [0x00000000e1200000,0x00000000e1438d68,0x00000000e1480000)
  to   space 2560K, 0% used [0x00000000e0f80000,0x00000000e0f80000,0x00000000e1200000)
 ParOldGen       total 42496K, used 369K [0x00000000a0000000, 0x00000000a2980000, 0x00000000e0000000)
  object space 42496K, 0% used [0x00000000a0000000,0x00000000a005c530,0x00000000a2980000)
 Metaspace       used 8292K, capacity 8462K, committed 8576K, reserved 1056768K
  class space    used 1053K, capacity 1141K, committed 1152K, reserved 1048576K
Event: 11.893 GC heap after
Heap after GC invocations=3 (full 0):
 PSYoungGen      total 18432K, used 2544K [0x00000000e0000000, 0x00000000e1480000, 0x0000000100000000)
  eden space 15872K, 0% used [0x00000000e0000000,0x00000000e0000000,0x00000000e0f80000)
  from space 2560K, 99% used [0x00000000e0f80000,0x00000000e11fc010,0x00000000e1200000)
  to   space 2560K, 0% used [0x00000000e1200000,0x00000000e1200000,0x00000000e1480000)
 ParOldGen       total 42496K, used 1265K [0x00000000a0000000, 0x00000000a2980000, 0x00000000e0000000)
  object space 42496K, 2% used [0x00000000a0000000,0x00000000a013c760,0x00000000a2980000)
 Metaspace       used 8292K, capacity 8462K, committed 8576K, reserved 1056768K
  class space    used 1053K, capacity 1141K, committed 1152K, reserved 1048576K
}
Event: 14.280 GC heap before
{Heap before GC invocations=4 (full 0):
 PSYoungGen      total 18432K, used 18416K [0x00000000e0000000, 0x00000000e1480000, 0x0000000100000000)
  eden space 15872K, 100% used [0x00000000e0000000,0x00000000e0f80000,0x00000000e0f80000)
  from space 2560K, 99% used [0x00000000e0f80000,0x00000000e11fc010,0x00000000e1200000)
  to   space 2560K, 0% used [0x00000000e1200000,0x00000000e1200000,0x00000000e1480000)
 ParOldGen       total 42496K, used 1265K [0x00000000a0000000, 0x00000000a2980000, 0x00000000e0000000)
  object space 42496K, 2% used [0x00000000a0000000,0x00000000a013c760,0x00000000a2980000)
 Metaspace       used 12186K, capacity 12544K, committed 12800K, reserved 1060864K
  class space    used 1627K, capacity 1766K, committed 1792K, reserved 1048576K
Event: 14.289 GC heap after
Heap after GC invocations=4 (full 0):
 PSYoungGen      total 18432K, used 2544K [0x00000000e0000000, 0x00000000e1480000, 0x0000000100000000)
  eden space 15872K, 0% used [0x00000000e0000000,0x00000000e0000000,0x00000000e0f80000)
  from space 2560K, 99% used [0x00000000e1200000,0x00000000e147c030,0x00000000e1480000)
  to   space 2560K, 0% used [0x00000000e0f80000,0x00000000e0f80000,0x00000000e1200000)
 ParOldGen       total 42496K, used 3666K [0x00000000a0000000, 0x00000000a2980000, 0x00000000e0000000)
  object space 42496K, 8% used [0x00000000a0000000,0x00000000a03949a8,0x00000000a2980000)
 Metaspace       used 12186K, capacity 12544K, committed 12800K, reserved 1060864K
  class space    used 1627K, capacity 1766K, committed 1792K, reserved 1048576K
}
Event: 14.691 GC heap before
{Heap before GC invocations=5 (full 0):
 PSYoungGen      total 18432K, used 18416K [0x00000000e0000000, 0x00000000e1480000, 0x0000000100000000)
  eden space 15872K, 100% used [0x00000000e0000000,0x00000000e0f80000,0x00000000e0f80000)
  from space 2560K, 99% used [0x00000000e1200000,0x00000000e147c030,0x00000000e1480000)
  to   space 2560K, 0% used [0x00000000e0f80000,0x00000000e0f80000,0x00000000e1200000)
 ParOldGen       total 42496K, used 3666K [0x00000000a0000000, 0x00000000a2980000, 0x00000000e0000000)
  object space 42496K, 8% used [0x00000000a0000000,0x00000000a03949a8,0x00000000a2980000)
 Metaspace       used 13431K, capacity 13828K, committed 14080K, reserved 1060864K
  class space    used 1859K, capacity 2024K, committed 2048K, reserved 1048576K
Event: 14.702 GC heap after
Heap after GC invocations=5 (full 0):
 PSYoungGen      total 18432K, used 2544K [0x00000000e0000000, 0x00000000e2a00000, 0x0000000100000000)
  eden space 15872K, 0% used [0x00000000e0000000,0x00000000e0000000,0x00000000e0f80000)
  from space 2560K, 99% used [0x00000000e0f80000,0x00000000e11fc030,0x00000000e1200000)
  to   space 5632K, 0% used [0x00000000e2480000,0x00000000e2480000,0x00000000e2a00000)
 ParOldGen       total 42496K, used 5405K [0x00000000a0000000, 0x00000000a2980000, 0x00000000e0000000)
  object space 42496K, 12% used [0x00000000a0000000,0x00000000a05477f8,0x00000000a2980000)
 Metaspace       used 13431K, capacity 13828K, committed 14080K, reserved 1060864K
  class space    used 1859K, capacity 2024K, committed 2048K, reserved 1048576K
}

Deoptimization events (10 events):
Event: 11.721 Thread 0x000000000305e000 Uncommon trap: reason=bimorphic action=maybe_recompile pc=0x00000000033e2f08 method=java.util.HashMap.putVal(ILjava/lang/Object;Ljava/lang/Object;ZZ)Ljava/lang/Object; @ 91
Event: 12.108 Thread 0x000000000305e000 Uncommon trap: reason=bimorphic action=maybe_recompile pc=0x0000000003479a14 method=java.util.HashMap.putVal(ILjava/lang/Object;Ljava/lang/Object;ZZ)Ljava/lang/Object; @ 203
Event: 12.425 Thread 0x000000000305e000 Uncommon trap: reason=unstable_if action=reinterpret pc=0x0000000003496100 method=java.io.WinNTFileSystem.normalize(Ljava/lang/String;)Ljava/lang/String; @ 128
Event: 12.425 Thread 0x000000000305e000 Uncommon trap: reason=unstable_if action=reinterpret pc=0x0000000003446e38 method=java.io.WinNTFileSystem.normalize(Ljava/lang/String;II)Ljava/lang/String; @ 90
Event: 14.168 Thread 0x0000000018d50000 Uncommon trap: reason=bimorphic action=maybe_recompile pc=0x00000000034794a4 method=java.util.HashMap.putVal(ILjava/lang/Object;Ljava/lang/Object;ZZ)Ljava/lang/Object; @ 253
Event: 14.168 Thread 0x0000000018d50000 Uncommon trap: reason=bimorphic action=maybe_recompile pc=0x00000000034794a4 method=java.util.HashMap.putVal(ILjava/lang/Object;Ljava/lang/Object;ZZ)Ljava/lang/Object; @ 253
Event: 14.168 Thread 0x0000000018d50000 Uncommon trap: reason=bimorphic action=maybe_recompile pc=0x00000000035838ac method=java.util.HashMap.putVal(ILjava/lang/Object;Ljava/lang/Object;ZZ)Ljava/lang/Object; @ 253
Event: 14.760 Thread 0x0000000018d50000 Uncommon trap: reason=class_check action=maybe_recompile pc=0x00000000033d0fdc method=java.util.regex.Matcher.match(II)Z @ 86
Event: 14.761 Thread 0x0000000018d50000 Uncommon trap: reason=class_check action=maybe_recompile pc=0x00000000033d0fdc method=java.util.regex.Matcher.match(II)Z @ 86
Event: 14.886 Thread 0x0000000018d50000 Uncommon trap: reason=unstable_if action=reinterpret pc=0x00000000033d32f4 method=java.lang.String.lastIndexOf([CII[CIII)I @ 66

Classes redefined (0 events):
No events

Internal exceptions (10 events):
Event: 14.004 Thread 0x000000001a052800 Exception <a 'java/lang/NoSuchMethodError': <clinit>> (0x00000000e0a9ef30) thrown at [D:\src\AOSP-openjdk-cygwin\jdk8u\hotspot\src\share\vm\prims\jni.cpp, line 1613]
Event: 14.011 Thread 0x000000001a052800 Exception <a 'java/lang/NoSuchMethodError': <clinit>> (0x00000000e0abfda8) thrown at [D:\src\AOSP-openjdk-cygwin\jdk8u\hotspot\src\share\vm\prims\jni.cpp, line 1613]
Event: 14.016 Thread 0x000000001a052800 Exception <a 'java/lang/NoSuchMethodError': <clinit>> (0x00000000e0ad7898) thrown at [D:\src\AOSP-openjdk-cygwin\jdk8u\hotspot\src\share\vm\prims\jni.cpp, line 1613]
Event: 14.018 Thread 0x000000001a052800 Exception <a 'java/lang/NoSuchMethodError': <clinit>> (0x00000000e0ae0360) thrown at [D:\src\AOSP-openjdk-cygwin\jdk8u\hotspot\src\share\vm\prims\jni.cpp, line 1613]
Event: 14.021 Thread 0x000000001a052800 Exception <a 'java/lang/NoSuchMethodError': <clinit>> (0x00000000e0af1970) thrown at [D:\src\AOSP-openjdk-cygwin\jdk8u\hotspot\src\share\vm\prims\jni.cpp, line 1613]
Event: 14.069 Thread 0x000000001a052800 Exception <a 'java/lang/NoSuchMethodError': <clinit>> (0x00000000e0b70d98) thrown at [D:\src\AOSP-openjdk-cygwin\jdk8u\hotspot\src\share\vm\prims\jni.cpp, line 1613]
Event: 14.077 Thread 0x000000001a052800 Exception <a 'java/lang/NoSuchMethodError': <clinit>> (0x00000000e0b8b5b8) thrown at [D:\src\AOSP-openjdk-cygwin\jdk8u\hotspot\src\share\vm\prims\jni.cpp, line 1613]
Event: 14.101 Thread 0x000000001a052800 Exception <a 'java/lang/NoSuchMethodError': <clinit>> (0x00000000e0baf150) thrown at [D:\src\AOSP-openjdk-cygwin\jdk8u\hotspot\src\share\vm\prims\jni.cpp, line 1613]
Event: 14.143 Thread 0x0000000018d50000 Exception <a 'java/lang/NoSuchMethodError': <clinit>> (0x00000000e0c4b7f0) thrown at [D:\src\AOSP-openjdk-cygwin\jdk8u\hotspot\src\share\vm\prims\jni.cpp, line 1613]
Event: 14.145 Thread 0x0000000018d50000 Exception <a 'java/lang/NoSuchMethodError': <clinit>> (0x00000000e0c53a78) thrown at [D:\src\AOSP-openjdk-cygwin\jdk8u\hotspot\src\share\vm\prims\jni.cpp, line 1613]

Events (10 events):
Event: 15.176 loading class org/gradle/api/internal/initialization/RootClassLoaderScope
Event: 15.176 loading class org/gradle/api/internal/initialization/RootClassLoaderScope done
Event: 15.177 loading class org/gradle/api/internal/initialization/AbstractClassLoaderScope
Event: 15.177 loading class org/gradle/api/internal/initialization/AbstractClassLoaderScope done
Event: 15.177 loading class org/gradle/api/internal/initialization/ClassLoaderScopeIdentifier
Event: 15.177 loading class org/gradle/api/internal/initialization/ClassLoaderScopeIdentifier done
Event: 15.178 loading class org/gradle/api/internal/initialization/loadercache/ClassLoaderId
Event: 15.178 loading class org/gradle/api/internal/initialization/loadercache/ClassLoaderId done
Event: 15.178 loading class org/gradle/api/internal/plugins/PotentialPlugin
Event: 15.178 loading class org/gradle/api/internal/plugins/PotentialPlugin done


Dynamic libraries:
0x00007ff7f50b0000 - 0x00007ff7f50e1000 	C:\Program Files\Android\Android Studio\jre\bin\java.exe
0x00007ffec7cc0000 - 0x00007ffec7ea1000 	C:\Windows\SYSTEM32\ntdll.dll
0x00007ffec62f0000 - 0x00007ffec63a1000 	C:\Windows\System32\KERNEL32.DLL
0x00007ffec4a40000 - 0x00007ffec4cb3000 	C:\Windows\System32\KERNELBASE.dll
0x00007ffec58b0000 - 0x00007ffec5951000 	C:\Windows\System32\ADVAPI32.dll
0x00007ffec7a60000 - 0x00007ffec7afe000 	C:\Windows\System32\msvcrt.dll
0x00007ffec61a0000 - 0x00007ffec61fb000 	C:\Windows\System32\sechost.dll
0x00007ffec5ed0000 - 0x00007ffec5ff4000 	C:\Windows\System32\RPCRT4.dll
0x00007ffec7b00000 - 0x00007ffec7c90000 	C:\Windows\System32\USER32.dll
0x00007ffec4da0000 - 0x00007ffec4dc0000 	C:\Windows\System32\win32u.dll
0x00007ffec63b0000 - 0x00007ffec63d8000 	C:\Windows\System32\GDI32.dll
0x00007ffec48a0000 - 0x00007ffec4a31000 	C:\Windows\System32\gdi32full.dll
0x00007ffec4e70000 - 0x00007ffec4f0f000 	C:\Windows\System32\msvcp_win.dll
0x00007ffec47a0000 - 0x00007ffec4898000 	C:\Windows\System32\ucrtbase.dll
0x00007ffeb56f0000 - 0x00007ffeb5959000 	C:\Windows\WinSxS\amd64_microsoft.windows.common-controls_6595b64144ccf1df_6.0.17134.885_none_fb42a3473065565f\COMCTL32.dll
0x00007ffec5ba0000 - 0x00007ffec5ec2000 	C:\Windows\System32\combase.dll
0x00007ffec4cc0000 - 0x00007ffec4d39000 	C:\Windows\System32\bcryptPrimitives.dll
0x00007ffec65f0000 - 0x00007ffec661d000 	C:\Windows\System32\IMM32.DLL
0x000000005ed10000 - 0x000000005ede2000 	C:\Program Files\Android\Android Studio\jre\jre\bin\msvcr100.dll
0x000000005edf0000 - 0x000000005f62e000 	C:\Program Files\Android\Android Studio\jre\jre\bin\server\jvm.dll
0x00007ffec6400000 - 0x00007ffec6408000 	C:\Windows\System32\PSAPI.DLL
0x00007ffebcb00000 - 0x00007ffebcb09000 	C:\Windows\SYSTEM32\WSOCK32.dll
0x00007ffec6410000 - 0x00007ffec647c000 	C:\Windows\System32\WS2_32.dll
0x00007ffeb5a10000 - 0x00007ffeb5a1a000 	C:\Windows\SYSTEM32\VERSION.dll
0x00007ffec1780000 - 0x00007ffec17a3000 	C:\Windows\SYSTEM32\WINMM.dll
0x00007ffec1010000 - 0x00007ffec103a000 	C:\Windows\SYSTEM32\WINMMBASE.dll
0x00007ffec4f10000 - 0x00007ffec4f59000 	C:\Windows\System32\cfgmgr32.dll
0x00007ffebcae0000 - 0x00007ffebcaef000 	C:\Program Files\Android\Android Studio\jre\jre\bin\verify.dll
0x00007ffea2ee0000 - 0x00007ffea2f09000 	C:\Program Files\Android\Android Studio\jre\jre\bin\java.dll
0x00007ffeba950000 - 0x00007ffeba966000 	C:\Program Files\Android\Android Studio\jre\jre\bin\zip.dll
0x00007ffec6620000 - 0x00007ffec7a60000 	C:\Windows\System32\SHELL32.dll
0x00007ffec64e0000 - 0x00007ffec6589000 	C:\Windows\System32\shcore.dll
0x00007ffec4090000 - 0x00007ffec479d000 	C:\Windows\System32\windows.storage.dll
0x00007ffec6480000 - 0x00007ffec64d1000 	C:\Windows\System32\shlwapi.dll
0x00007ffec4020000 - 0x00007ffec4031000 	C:\Windows\System32\kernel.appcore.dll
0x00007ffec4040000 - 0x00007ffec405f000 	C:\Windows\System32\profapi.dll
0x00007ffec3fd0000 - 0x00007ffec401c000 	C:\Windows\System32\powrprof.dll
0x00007ffec4060000 - 0x00007ffec406a000 	C:\Windows\System32\FLTLIB.DLL
0x00007ffea5c00000 - 0x00007ffea5c1a000 	C:\Program Files\Android\Android Studio\jre\jre\bin\net.dll
0x00007ffec37f0000 - 0x00007ffec3856000 	C:\Windows\system32\mswsock.dll
0x00007ffea57b0000 - 0x00007ffea57c1000 	C:\Program Files\Android\Android Studio\jre\jre\bin\nio.dll
0x00007ffea57d0000 - 0x00007ffea57ee000 	C:\Users\basit\.gradle\native\25\windows-amd64\native-platform.dll
0x00007ffebc880000 - 0x00007ffebc88d000 	C:\Program Files\Android\Android Studio\jre\jre\bin\management.dll
0x00007ffec3a00000 - 0x00007ffec3a17000 	C:\Windows\SYSTEM32\CRYPTSP.dll
0x00007ffec33e0000 - 0x00007ffec3413000 	C:\Windows\system32\rsaenh.dll
0x00007ffec3b30000 - 0x00007ffec3b55000 	C:\Windows\SYSTEM32\bcrypt.dll
0x00007ffec3ed0000 - 0x00007ffec3ef8000 	C:\Windows\SYSTEM32\USERENV.dll
0x00007ffec3a20000 - 0x00007ffec3a2b000 	C:\Windows\SYSTEM32\CRYPTBASE.dll
0x00007ffec3580000 - 0x00007ffec35b8000 	C:\Windows\SYSTEM32\IPHLPAPI.DLL
0x00007ffec5960000 - 0x00007ffec5968000 	C:\Windows\System32\NSI.dll
0x00007ffeba340000 - 0x00007ffeba356000 	C:\Windows\SYSTEM32\dhcpcsvc6.DLL
0x00007ffebac50000 - 0x00007ffebac6a000 	C:\Windows\SYSTEM32\dhcpcsvc.DLL

VM Arguments:
jvm_args: -Xmx1536m -Dfile.encoding=windows-1252 -Duser.country=US -Duser.language=en -Duser.variant 
java_command: org.gradle.launcher.daemon.bootstrap.GradleDaemon 4.1
java_class_path (initial): C:\Users\basit\.gradle\wrapper\dists\gradle-4.1-all\bzyivzo6n839fup2jbap0tjew\gradle-4.1\lib\gradle-launcher-4.1.jar
Launcher Type: SUN_STANDARD

Environment Variables:
PATH=C:\ProgramData\Oracle\Java\javapath;C:\Windows\system32;C:\Windows;C:\Windows\System32\Wbem;C:\Windows\System32\WindowsPowerShell\v1.0\;C:\Windows\System32\OpenSSH\;C:\Program Files\Microsoft SQL Server\130\Tools\Binn\;C:\Program Files\Microsoft SQL Server\110\Tools\Binn\;C:\Program Files\Microsoft SQL Server\110\DTS\Binn\;C:\Program Files (x86)\Microsoft SQL Server\110\Tools\Binn\;C:\Program Files (x86)\Microsoft SQL Server\110\Tools\Binn\ManagementStudio\;C:\Program Files (x86)\Microsoft Visual Studio 10.0\Common7\IDE\PrivateAssemblies\;C:\Program Files (x86)\Microsoft SQL Server\110\DTS\Binn\;C:\Program Files\Microsoft SQL Server\120\Tools\Binn\;C:\Program Files\Common Files\Autodesk Shared\;C:\Windows\system32\config\systemprofile\.dnx\bin;C:\Program Files\Microsoft DNX\Dnvm\;D:\command;C:\Users\basit\AppData\Local\Microsoft\WindowsApps;
USERNAME=basit
OS=Windows_NT
PROCESSOR_IDENTIFIER=Intel64 Family 6 Model 58 Stepping 9, GenuineIntel



---------------  S Y S T E M  ---------------

OS: Windows 10.0 , 64 bit Build 17134 (10.0.17134.753)

CPU:total 4 (initial active 4) (2 cores per cpu, 2 threads per core) family 6 model 58 stepping 9, cmov, cx8, fxsr, mmx, sse, sse2, sse3, ssse3, sse4.1, sse4.2, popcnt, avx, aes, clmul, erms, ht, tsc, tscinvbit, tscinv

Memory: 4k page, physical 4049684k(262716k free), swap 12034532k(2008k free)

vm_info: OpenJDK 64-Bit Server VM (25.152-b01) for windows-amd64 JRE (1.8.0_152-release-915-b01), built by "builder" with MS VC++ 10.0 (VS2010)

time: Fri Aug 02 00:19:40 2019
elapsed time: 15 seconds (0d 0h 0m 15s)

